{"C:\\personal\\sahaj-mail\\src\\js\\actions\\helper.js": {"path":"C:\\personal\\sahaj-mail\\src\\js\\actions\\helper.js","statementMap":{"0":{"start":{"line":2,"column":1},"end":{"line":8,"column":3}},"1":{"start":{"line":3,"column":17},"end":{"line":3,"column":25}},"2":{"start":{"line":4,"column":2},"end":{"line":6,"column":5}},"3":{"start":{"line":5,"column":3},"end":{"line":5,"column":41}},"4":{"start":{"line":7,"column":2},"end":{"line":7,"column":16}}},"fnMap":{"0":{"name":"actionCreator","decl":{"start":{"line":1,"column":24},"end":{"line":1,"column":37}},"loc":{"start":{"line":1,"column":57},"end":{"line":9,"column":1}},"line":1},"1":{"name":"(anonymous_1)","decl":{"start":{"line":2,"column":8},"end":{"line":2,"column":9}},"loc":{"start":{"line":2,"column":26},"end":{"line":8,"column":2}},"line":2},"2":{"name":"(anonymous_2)","decl":{"start":{"line":4,"column":19},"end":{"line":4,"column":20}},"loc":{"start":{"line":4,"column":35},"end":{"line":6,"column":3}},"line":4}},"branchMap":{},"s":{"0":6,"1":4,"2":4,"3":5,"4":4},"f":{"0":6,"1":4,"2":5},"b":{},"_coverageSchema":"43e27e138ebf9cfc5966b082cf9a028302ed4184","hash":"22c5d29903a7c0b5b5fa0e14269308c280d08005"}
,"C:\\personal\\sahaj-mail\\src\\js\\actions\\user.js": {"path":"C:\\personal\\sahaj-mail\\src\\js\\actions\\user.js","statementMap":{"0":{"start":{"line":4,"column":32},"end":{"line":4,"column":86}},"1":{"start":{"line":5,"column":39},"end":{"line":5,"column":88}}},"fnMap":{},"branchMap":{},"s":{"0":3,"1":3},"f":{},"b":{},"_coverageSchema":"43e27e138ebf9cfc5966b082cf9a028302ed4184","hash":"de05a7ce77dfd3573d6ccf6651f88147e842eafa"}
,"C:\\personal\\sahaj-mail\\src\\js\\components\\pages\\LoginPage.jsx": {"path":"C:\\personal\\sahaj-mail\\src\\js\\components\\pages\\LoginPage.jsx","statementMap":{"0":{"start":{"line":5,"column":21},"end":{"line":24,"column":1}},"1":{"start":{"line":6,"column":15},"end":{"line":6,"column":36}},"2":{"start":{"line":7,"column":13},"end":{"line":7,"column":29}},"3":{"start":{"line":10,"column":18},"end":{"line":10,"column":55}},"4":{"start":{"line":11,"column":1},"end":{"line":11,"column":59}},"5":{"start":{"line":11,"column":29},"end":{"line":11,"column":59}},"6":{"start":{"line":14,"column":2},"end":{"line":14,"column":48}},"7":{"start":{"line":17,"column":1},"end":{"line":23,"column":3}}},"fnMap":{"0":{"name":"(anonymous_0)","decl":{"start":{"line":5,"column":21},"end":{"line":5,"column":22}},"loc":{"start":{"line":5,"column":73},"end":{"line":24,"column":1}},"line":5},"1":{"name":"handleClick","decl":{"start":{"line":13,"column":10},"end":{"line":13,"column":21}},"loc":{"start":{"line":13,"column":24},"end":{"line":15,"column":2}},"line":13}},"branchMap":{"0":{"loc":{"start":{"line":10,"column":18},"end":{"line":10,"column":55}},"type":"binary-expr","locations":[{"start":{"line":10,"column":18},"end":{"line":10,"column":32}},{"start":{"line":10,"column":36},"end":{"line":10,"column":55}}],"line":10},"1":{"loc":{"start":{"line":11,"column":1},"end":{"line":11,"column":59}},"type":"if","locations":[{"start":{"line":11,"column":1},"end":{"line":11,"column":59}},{"start":{"line":11,"column":1},"end":{"line":11,"column":59}}],"line":11},"2":{"loc":{"start":{"line":11,"column":5},"end":{"line":11,"column":27}},"type":"binary-expr","locations":[{"start":{"line":11,"column":5},"end":{"line":11,"column":9}},{"start":{"line":11,"column":13},"end":{"line":11,"column":27}}],"line":11}},"s":{"0":1,"1":0,"2":0,"3":0,"4":0,"5":0,"6":0,"7":0},"f":{"0":0,"1":0},"b":{"0":[0,0],"1":[0,0],"2":[0,0]},"_coverageSchema":"43e27e138ebf9cfc5966b082cf9a028302ed4184","hash":"eeed1b013c0cb8b29e0d9de6363d158bcd1ec4b3"}
,"C:\\personal\\sahaj-mail\\src\\js\\constants\\actionTypes.js": {"path":"C:\\personal\\sahaj-mail\\src\\js\\constants\\actionTypes.js","statementMap":{"0":{"start":{"line":1,"column":34},"end":{"line":1,"column":54}},"1":{"start":{"line":2,"column":42},"end":{"line":2,"column":70}}},"fnMap":{},"branchMap":{},"s":{"0":3,"1":3},"f":{},"b":{},"_coverageSchema":"43e27e138ebf9cfc5966b082cf9a028302ed4184","hash":"14c671052ef1d0a4736c09e00be547c665e5be18"}
,"C:\\personal\\sahaj-mail\\src\\js\\constants\\urls.js": {"path":"C:\\personal\\sahaj-mail\\src\\js\\constants\\urls.js","statementMap":{"0":{"start":{"line":1,"column":24},"end":{"line":1,"column":36}},"1":{"start":{"line":2,"column":28},"end":{"line":2,"column":52}}},"fnMap":{},"branchMap":{},"s":{"0":1,"1":1},"f":{},"b":{},"_coverageSchema":"43e27e138ebf9cfc5966b082cf9a028302ed4184","hash":"773f6fb1a0c7ee22c95c8084c54c995ffa79277c"}
,"C:\\personal\\sahaj-mail\\src\\js\\containers\\pages\\LoginPage.js": {"path":"C:\\personal\\sahaj-mail\\src\\js\\containers\\pages\\LoginPage.js","statementMap":{"0":{"start":{"line":8,"column":24},"end":{"line":10,"column":2}},"1":{"start":{"line":8,"column":34},"end":{"line":10,"column":1}}},"fnMap":{"0":{"name":"(anonymous_0)","decl":{"start":{"line":8,"column":24},"end":{"line":8,"column":25}},"loc":{"start":{"line":8,"column":34},"end":{"line":10,"column":1}},"line":8}},"branchMap":{"0":{"loc":{"start":{"line":9,"column":17},"end":{"line":9,"column":57}},"type":"cond-expr","locations":[{"start":{"line":9,"column":30},"end":{"line":9,"column":45}},{"start":{"line":9,"column":48},"end":{"line":9,"column":57}}],"line":9}},"s":{"0":1,"1":0},"f":{"0":0},"b":{"0":[0,0]},"_coverageSchema":"43e27e138ebf9cfc5966b082cf9a028302ed4184","hash":"10d959d7f8514f807731fdd9bdfa58aec169875b"}
,"C:\\personal\\sahaj-mail\\src\\js\\effects\\useFormInput.js": {"path":"C:\\personal\\sahaj-mail\\src\\js\\effects\\useFormInput.js","statementMap":{"0":{"start":{"line":3,"column":28},"end":{"line":11,"column":1}},"1":{"start":{"line":4,"column":27},"end":{"line":4,"column":49}},"2":{"start":{"line":7,"column":2},"end":{"line":7,"column":27}},"3":{"start":{"line":10,"column":1},"end":{"line":10,"column":42}}},"fnMap":{"0":{"name":"(anonymous_0)","decl":{"start":{"line":3,"column":28},"end":{"line":3,"column":29}},"loc":{"start":{"line":3,"column":44},"end":{"line":11,"column":1}},"line":3},"1":{"name":"handleChange","decl":{"start":{"line":6,"column":10},"end":{"line":6,"column":22}},"loc":{"start":{"line":6,"column":26},"end":{"line":8,"column":2}},"line":6}},"branchMap":{},"s":{"0":1,"1":0,"2":0,"3":0},"f":{"0":0,"1":0},"b":{},"_coverageSchema":"43e27e138ebf9cfc5966b082cf9a028302ed4184","hash":"e2cb317e589c2f56cbf4dbde5913a5c4e7f2b02b"}
,"C:\\personal\\sahaj-mail\\src\\js\\reducers\\helper.js": {"path":"C:\\personal\\sahaj-mail\\src\\js\\reducers\\helper.js","statementMap":{"0":{"start":{"line":1,"column":22},"end":{"line":9,"column":1}},"1":{"start":{"line":2,"column":2},"end":{"line":8,"column":4}},"2":{"start":{"line":3,"column":4},"end":{"line":7,"column":5}},"3":{"start":{"line":4,"column":6},"end":{"line":4,"column":50}},"4":{"start":{"line":6,"column":6},"end":{"line":6,"column":19}}},"fnMap":{"0":{"name":"(anonymous_0)","decl":{"start":{"line":1,"column":22},"end":{"line":1,"column":23}},"loc":{"start":{"line":1,"column":50},"end":{"line":9,"column":1}},"line":1},"1":{"name":"reducer","decl":{"start":{"line":2,"column":18},"end":{"line":2,"column":25}},"loc":{"start":{"line":2,"column":56},"end":{"line":8,"column":3}},"line":2}},"branchMap":{"0":{"loc":{"start":{"line":2,"column":26},"end":{"line":2,"column":46}},"type":"default-arg","locations":[{"start":{"line":2,"column":34},"end":{"line":2,"column":46}}],"line":2},"1":{"loc":{"start":{"line":3,"column":4},"end":{"line":7,"column":5}},"type":"if","locations":[{"start":{"line":3,"column":4},"end":{"line":7,"column":5}},{"start":{"line":3,"column":4},"end":{"line":7,"column":5}}],"line":3}},"s":{"0":1,"1":1,"2":3,"3":2,"4":1},"f":{"0":1,"1":3},"b":{"0":[1],"1":[2,1]},"_coverageSchema":"43e27e138ebf9cfc5966b082cf9a028302ed4184","hash":"8a57db7f89ee1b5dde43d56e44db9356f655d823"}
,"C:\\personal\\sahaj-mail\\src\\js\\reducers\\user.js": {"path":"C:\\personal\\sahaj-mail\\src\\js\\reducers\\user.js","statementMap":{"0":{"start":{"line":4,"column":28},"end":{"line":4,"column":32}},"1":{"start":{"line":5,"column":23},"end":{"line":9,"column":2}},"2":{"start":{"line":5,"column":45},"end":{"line":9,"column":1}},"3":{"start":{"line":11,"column":19},"end":{"line":14,"column":2}},"4":{"start":{"line":11,"column":29},"end":{"line":14,"column":1}},"5":{"start":{"line":16,"column":13},"end":{"line":19,"column":2}}},"fnMap":{"0":{"name":"(anonymous_0)","decl":{"start":{"line":5,"column":23},"end":{"line":5,"column":24}},"loc":{"start":{"line":5,"column":45},"end":{"line":9,"column":1}},"line":5},"1":{"name":"(anonymous_1)","decl":{"start":{"line":11,"column":19},"end":{"line":11,"column":20}},"loc":{"start":{"line":11,"column":29},"end":{"line":14,"column":1}},"line":11}},"branchMap":{},"s":{"0":1,"1":1,"2":1,"3":1,"4":1,"5":1},"f":{"0":1,"1":1},"b":{},"_coverageSchema":"43e27e138ebf9cfc5966b082cf9a028302ed4184","hash":"4ab9684904a2a3eae9016388024ec8ce46ebd93a"}
,"C:\\personal\\sahaj-mail\\src\\js\\routes\\Routes.jsx": {"path":"C:\\personal\\sahaj-mail\\src\\js\\routes\\Routes.jsx","statementMap":{"0":{"start":{"line":6,"column":15},"end":{"line":10,"column":1}},"1":{"start":{"line":7,"column":1},"end":{"line":9,"column":10}}},"fnMap":{"0":{"name":"(anonymous_0)","decl":{"start":{"line":6,"column":15},"end":{"line":6,"column":16}},"loc":{"start":{"line":7,"column":1},"end":{"line":9,"column":10}},"line":7}},"branchMap":{},"s":{"0":1,"1":1},"f":{"0":1},"b":{},"_coverageSchema":"43e27e138ebf9cfc5966b082cf9a028302ed4184","hash":"404f79e3a7dad0b46c5e852724d229d8b9115e27"}
,"C:\\personal\\sahaj-mail\\src\\js\\sagas\\user.js": {"path":"C:\\personal\\sahaj-mail\\src\\js\\sagas\\user.js","statementMap":{"0":{"start":{"line":9,"column":22},"end":{"line":13,"column":3}},"1":{"start":{"line":14,"column":1},"end":{"line":17,"column":2}},"2":{"start":{"line":15,"column":15},"end":{"line":15,"column":28}},"3":{"start":{"line":16,"column":2},"end":{"line":16,"column":43}},"4":{"start":{"line":21,"column":1},"end":{"line":21,"column":56}}},"fnMap":{"0":{"name":"fetchUserDetails","decl":{"start":{"line":8,"column":17},"end":{"line":8,"column":33}},"loc":{"start":{"line":8,"column":55},"end":{"line":18,"column":1}},"line":8},"1":{"name":"userSaga","decl":{"start":{"line":20,"column":25},"end":{"line":20,"column":33}},"loc":{"start":{"line":20,"column":36},"end":{"line":22,"column":1}},"line":20}},"branchMap":{"0":{"loc":{"start":{"line":14,"column":1},"end":{"line":17,"column":2}},"type":"if","locations":[{"start":{"line":14,"column":1},"end":{"line":17,"column":2}},{"start":{"line":14,"column":1},"end":{"line":17,"column":2}}],"line":14}},"s":{"0":1,"1":1,"2":1,"3":1,"4":1},"f":{"0":1,"1":1},"b":{"0":[1,0]},"_coverageSchema":"43e27e138ebf9cfc5966b082cf9a028302ed4184","hash":"fdbec6e0e37d9f266a79b2ef604594c4e6cb5b7a"}
}
