TN:
SF:C:\personal\sahaj-mail\src\js\actions\helper.js
FN:1,actionCreator
FN:2,(anonymous_1)
FN:4,(anonymous_2)
FNF:3
FNH:3
FNDA:6,actionCreator
FNDA:4,(anonymous_1)
FNDA:5,(anonymous_2)
DA:2,6
DA:3,4
DA:4,4
DA:5,5
DA:7,4
LF:5
LH:5
BRF:0
BRH:0
end_of_record
TN:
SF:C:\personal\sahaj-mail\src\js\actions\user.js
FNF:0
FNH:0
DA:4,3
DA:5,3
LF:2
LH:2
BRF:0
BRH:0
end_of_record
TN:
SF:C:\personal\sahaj-mail\src\js\components\pages\LoginPage.jsx
FN:5,(anonymous_0)
FN:13,handleClick
FNF:2
FNH:0
FNDA:0,(anonymous_0)
FNDA:0,handleClick
DA:5,1
DA:6,0
DA:7,0
DA:10,0
DA:11,0
DA:14,0
DA:17,0
LF:7
LH:1
BRDA:10,0,0,0
BRDA:10,0,1,0
BRDA:11,1,0,0
BRDA:11,1,1,0
BRDA:11,2,0,0
BRDA:11,2,1,0
BRF:6
BRH:0
end_of_record
TN:
SF:C:\personal\sahaj-mail\src\js\constants\actionTypes.js
FNF:0
FNH:0
DA:1,3
DA:2,3
LF:2
LH:2
BRF:0
BRH:0
end_of_record
TN:
SF:C:\personal\sahaj-mail\src\js\constants\urls.js
FNF:0
FNH:0
DA:1,1
DA:2,1
LF:2
LH:2
BRF:0
BRH:0
end_of_record
TN:
SF:C:\personal\sahaj-mail\src\js\containers\pages\LoginPage.js
FN:8,(anonymous_0)
FNF:1
FNH:0
FNDA:0,(anonymous_0)
DA:8,1
LF:1
LH:1
BRDA:9,0,0,0
BRDA:9,0,1,0
BRF:2
BRH:0
end_of_record
TN:
SF:C:\personal\sahaj-mail\src\js\effects\useFormInput.js
FN:3,(anonymous_0)
FN:6,handleChange
FNF:2
FNH:0
FNDA:0,(anonymous_0)
FNDA:0,handleChange
DA:3,1
DA:4,0
DA:7,0
DA:10,0
LF:4
LH:1
BRF:0
BRH:0
end_of_record
TN:
SF:C:\personal\sahaj-mail\src\js\reducers\helper.js
FN:1,(anonymous_0)
FN:2,reducer
FNF:2
FNH:2
FNDA:1,(anonymous_0)
FNDA:3,reducer
DA:1,1
DA:2,1
DA:3,3
DA:4,2
DA:6,1
LF:5
LH:5
BRDA:2,0,0,1
BRDA:3,1,0,2
BRDA:3,1,1,1
BRF:3
BRH:3
end_of_record
TN:
SF:C:\personal\sahaj-mail\src\js\reducers\user.js
FN:5,(anonymous_0)
FN:11,(anonymous_1)
FNF:2
FNH:2
FNDA:1,(anonymous_0)
FNDA:1,(anonymous_1)
DA:4,1
DA:5,1
DA:11,1
DA:16,1
LF:4
LH:4
BRF:0
BRH:0
end_of_record
TN:
SF:C:\personal\sahaj-mail\src\js\routes\Routes.jsx
FN:6,(anonymous_0)
FNF:1
FNH:1
FNDA:1,(anonymous_0)
DA:6,1
DA:7,1
LF:2
LH:2
BRF:0
BRH:0
end_of_record
TN:
SF:C:\personal\sahaj-mail\src\js\sagas\user.js
FN:8,fetchUserDetails
FN:20,userSaga
FNF:2
FNH:2
FNDA:1,fetchUserDetails
FNDA:1,userSaga
DA:9,1
DA:14,1
DA:15,1
DA:16,1
DA:21,1
LF:5
LH:5
BRDA:14,0,0,1
BRDA:14,0,1,0
BRF:2
BRH:1
end_of_record
